<?xml version="1.0" ?>
<coverage version="7.10.3" timestamp="1754920664202" lines-valid="927" lines-covered="279" line-rate="0.301" branches-valid="332" branches-covered="90" branch-rate="0.2711" complexity="0">
	<!-- Generated by coverage.py: https://coverage.readthedocs.io/en/7.10.3 -->
	<!-- Based on https://raw.githubusercontent.com/cobertura/web/master/htdocs/xml/coverage-04.dtd -->
	<sources>
		<source></source>
		<source>.</source>
		<source>RemakeRegistry</source>
		<source>Tools</source>
		<source>Utils</source>
	</sources>
	<packages>

	</packages>
</coverage>
